2025-12-09 08:48:25,634 [INFO] Solving instance with 10 tasks
2025-12-09 08:48:25,659 [INFO] Restricted license - for non-production use only - expires 2027-11-29
2025-12-09 08:48:25,663 [INFO] Set parameter TimeLimit to value 30
2025-12-09 08:48:25,721 [INFO] Solved. Obj=1853.00
2025-12-09 08:48:25,722 [INFO] Received solution with 10 items
2025-12-09 08:48:35,267 [INFO] Solving instance with 10 tasks
2025-12-09 08:48:35,273 [INFO] Set parameter TimeLimit to value 30
2025-12-09 08:48:35,296 [INFO] Solved. Obj=65.00
2025-12-09 08:48:35,300 [INFO] Received solution with 10 items
2025-12-09 08:48:41,201 [INFO] Solving instance with 10 tasks
2025-12-09 08:48:41,201 [INFO] Set parameter TimeLimit to value 30
2025-12-09 08:48:41,201 [INFO] Solved. Obj=158.50
2025-12-09 08:48:41,201 [INFO] Received solution with 10 items
2025-12-09 08:49:17,253 [INFO] Solving instance with 10 tasks
2025-12-09 08:49:17,253 [INFO] Set parameter TimeLimit to value 30
2025-12-09 08:49:17,264 [INFO] Solved. Obj=1853.00
2025-12-09 08:49:17,265 [INFO] Received solution with 10 items
2025-12-09 08:49:22,457 [INFO] Solving instance with 10 tasks
2025-12-09 08:49:22,460 [INFO] Set parameter TimeLimit to value 30
2025-12-09 08:49:22,469 [INFO] Solved. Obj=65.00
2025-12-09 08:49:22,470 [INFO] Received solution with 10 items
